[01m[K/home/nvidia/DronePoli/src/dronepoli/src/controller.cpp:[m[K In function ‘[01m[Kint main(int, char**)[m[K’:
[01m[K/home/nvidia/DronePoli/src/dronepoli/src/controller.cpp:56:34:[m[K [01;31m[Kerror: [m[K‘[01m[Kclass PX5[m[K’ has no member named ‘[01m[KcurMsg[m[K’; did you mean ‘[01m[KCurrMsg[m[K’?
         goal_pos_pub.publish(px5.[01;31m[KcurMsg[m[K());
                                  [01;31m[K^~~~~~[m[K
                                  [32m[KCurrMsg[m[K
[01m[K/home/nvidia/DronePoli/src/dronepoli/src/controller.cpp:95:17:[m[K [01;31m[Kerror: [m[K‘[01m[Kmission_enable[m[K’ was not declared in this scope
                 [01;31m[Kmission_enable[m[K = true;
                 [01;31m[K^~~~~~~~~~~~~~[m[K
[01m[K/home/nvidia/DronePoli/src/dronepoli/src/controller.cpp:95:17:[m[K [01;36m[Knote: [m[Ksuggested alternative: ‘[01m[Kmission_available[m[K’
                 [01;36m[Kmission_enable[m[K = true;
                 [01;36m[K^~~~~~~~~~~~~~[m[K
                 [32m[Kmission_available[m[K
[01m[K/home/nvidia/DronePoli/src/dronepoli/src/controller.cpp:109:13:[m[K [01;31m[Kerror: [m[K‘[01m[Kmission_enable[m[K’ was not declared in this scope
             [01;31m[Kmission_enable[m[K = false;
             [01;31m[K^~~~~~~~~~~~~~[m[K
[01m[K/home/nvidia/DronePoli/src/dronepoli/src/controller.cpp:109:13:[m[K [01;36m[Knote: [m[Ksuggested alternative: ‘[01m[Kmission_available[m[K’
             [01;36m[Kmission_enable[m[K = false;
             [01;36m[K^~~~~~~~~~~~~~[m[K
             [32m[Kmission_available[m[K
[01m[K/home/nvidia/DronePoli/src/dronepoli/src/controller.cpp:125:12:[m[K [01;31m[Kerror: [m[K‘[01m[Kmission_enable[m[K’ was not declared in this scope
         if([01;31m[Kmission_enable[m[K) goal_pos_pub.publish(px5.GoalMsg());
            [01;31m[K^~~~~~~~~~~~~~[m[K
[01m[K/home/nvidia/DronePoli/src/dronepoli/src/controller.cpp:125:12:[m[K [01;36m[Knote: [m[Ksuggested alternative: ‘[01m[Kmission_available[m[K’
         if([01;36m[Kmission_enable[m[K) goal_pos_pub.publish(px5.GoalMsg());
            [01;36m[K^~~~~~~~~~~~~~[m[K
            [32m[Kmission_available[m[K
make[2]: *** [CMakeFiles/dronepoli.dir/src/controller.cpp.o] Error 1
make[1]: *** [CMakeFiles/dronepoli.dir/all] Error 2
make: *** [all] Error 2
