[36m--[0m Using CATKIN_DEVEL_PREFIX: /home/nvidia/DronePoli/devel/.private/dronepoli
[36m--[0m Using CMAKE_PREFIX_PATH: /home/nvidia/DronePoli/devel;/opt/ros/melodic
[36m--[0m This workspace overlays: /home/nvidia/DronePoli/devel;/opt/ros/melodic
[36m--[0m Found PythonInterp: /usr/bin/python2 (found suitable version "2.7.17", minimum required is "2")
[36m--[0m Using PYTHON_EXECUTABLE: /usr/bin/python2
[36m--[0m Using Debian Python package layout
[36m--[0m Using empy: /usr/bin/empy
[36m--[0m Using CATKIN_ENABLE_TESTING: ON
[36m--[0m Call enable_testing()
[36m--[0m Using CATKIN_TEST_RESULTS_DIR: /home/nvidia/DronePoli/build/dronepoli/test_results
[36m--[0m Found gtest sources under '/usr/src/googletest': gtests will be built
[36m--[0m Found gmock sources under '/usr/src/googletest': gmock will be built
[36m--[0m Found PythonInterp: /usr/bin/python2 (found version "2.7.17")
[36m--[0m Using Python nosetests: /usr/bin/nosetests-2.7
[36m--[0m catkin 0.7.29
[36m--[0m BUILD_SHARED_LIBS is on
[36m--[0m Using these message generators: gencpp;geneus;genlisp;gennodejs;genpy
[36m--[0m Could NOT find darknet_ros (missing: darknet_ros_DIR)
[36m--[0m Could not find the required component 'darknet_ros'. The following CMake error indicates that you either need to install the package with the same name or change your environment so that it can be found.
[31m[1mCMake Error[0m at /opt/ros/melodic/share/catkin/cmake/catkinConfig.cmake:83 (find_package):
  Could not find a package configuration file provided by "darknet_ros" with
  any of the following names:

    darknet_rosConfig.cmake
    darknet_ros-config.cmake

  Add the installation prefix of "darknet_ros" to CMAKE_PREFIX_PATH or set
  "darknet_ros_DIR" to a directory containing one of the above files.  If
  "darknet_ros" provides a separate development package or SDK, be sure it
  has been installed.
[36mCall Stack (most recent call first):[0m
  CMakeLists.txt:4 (find_package)


[36m--[0m Configuring incomplete, errors occurred!
See also "/home/nvidia/DronePoli/build/dronepoli/CMakeFiles/CMakeOutput.log".
See also "/home/nvidia/DronePoli/build/dronepoli/CMakeFiles/CMakeError.log".
Makefile:1375: recipe for target 'cmake_check_build_system' failed
make: *** [cmake_check_build_system] Error 1
