In file included from [01m[K/usr/include/c++/7/ext/alloc_traits.h:36:0[m[K,
                 from [01m[K/usr/include/c++/7/bits/stl_construct.h:61[m[K,
                 from [01m[K/usr/include/c++/7/vector:62[m[K,
                 from [01m[K/home/nvidia/DronePoli/src/dronepoli/include/drone.h:3[m[K,
                 from [01m[K/home/nvidia/DronePoli/src/dronepoli/src/controller.cpp:2[m[K:
/usr/include/c++/7/bits/alloc_traits.h: In instantiation of ‘[01m[Kstruct std::allocator_traits<double>[m[K’:
[01m[K/usr/include/c++/7/ext/alloc_traits.h:50:10:[m[K   required from ‘[01m[Kstruct __gnu_cxx::__alloc_traits<double>[m[K’
[01m[K/usr/include/c++/7/bits/stl_vector.h:77:21:[m[K   required from ‘[01m[Kstruct std::_Vector_base<double, double>[m[K’
[01m[K/usr/include/c++/7/bits/stl_vector.h:216:11:[m[K   required from ‘[01m[Kclass std::vector<double, double>[m[K’
[01m[K/home/nvidia/DronePoli/src/dronepoli/src/controller.cpp:19:33:[m[K   required from here
[01m[K/usr/include/c++/7/bits/alloc_traits.h:88:43:[m[K [01;31m[Kerror: [m[K‘[01m[Kdouble[m[K’ is not a class, struct, or union type
       typedef typename _Alloc::value_type [01;31m[Kvalue_type[m[K;
                                           [01;31m[K^~~~~~~~~~[m[K
[01m[K/usr/include/c++/7/bits/alloc_traits.h:95:70:[m[K [01;31m[Kerror: [m[K‘[01m[Kdouble[m[K’ is not a class, struct, or union type
       using pointer = __detected_or_t<value_type*, __pointer, _Alloc>[01;31m[K;[m[K
                                                                      [01;31m[K^[m[K
[01m[K/usr/include/c++/7/bits/alloc_traits.h:135:79:[m[K [01;31m[Kerror: [m[K‘[01m[Kdouble[m[K’ is not a class, struct, or union type
       using const_pointer = typename _Ptr<__c_pointer, const value_type>::type[01;31m[K;[m[K
                                                                               [01;31m[K^[m[K
/usr/include/c++/7/bits/alloc_traits.h: In instantiation of ‘[01m[Kstruct std::allocator_traits<double>::_Ptr<std::__allocator_traits_base::__v_pointer, void, void>[m[K’:
[01m[K/usr/include/c++/7/bits/alloc_traits.h:143:66:[m[K   required from ‘[01m[Kstruct std::allocator_traits<double>[m[K’
[01m[K/usr/include/c++/7/ext/alloc_traits.h:50:10:[m[K   required from ‘[01m[Kstruct __gnu_cxx::__alloc_traits<double>[m[K’
[01m[K/usr/include/c++/7/bits/stl_vector.h:77:21:[m[K   required from ‘[01m[Kstruct std::_Vector_base<double, double>[m[K’
[01m[K/usr/include/c++/7/bits/stl_vector.h:216:11:[m[K   required from ‘[01m[Kclass std::vector<double, double>[m[K’
[01m[K/home/nvidia/DronePoli/src/dronepoli/src/controller.cpp:19:33:[m[K   required from here
[01m[K/usr/include/c++/7/bits/alloc_traits.h:102:71:[m[K [01;31m[Kerror: [m[K‘[01m[Kdouble[m[K’ is not a class, struct, or union type
    using type = typename pointer_traits<pointer>::template rebind<_Tp>[01;31m[K;[m[K
                                                                       [01;31m[K^[m[K
/usr/include/c++/7/bits/alloc_traits.h: In instantiation of ‘[01m[Kstruct std::allocator_traits<double>::_Ptr<std::__allocator_traits_base::__cv_pointer, const void, void>[m[K’:
[01m[K/usr/include/c++/7/bits/alloc_traits.h:151:79:[m[K   required from ‘[01m[Kstruct std::allocator_traits<double>[m[K’
[01m[K/usr/include/c++/7/ext/alloc_traits.h:50:10:[m[K   required from ‘[01m[Kstruct __gnu_cxx::__alloc_traits<double>[m[K’
[01m[K/usr/include/c++/7/bits/stl_vector.h:77:21:[m[K   required from ‘[01m[Kstruct std::_Vector_base<double, double>[m[K’
[01m[K/usr/include/c++/7/bits/stl_vector.h:216:11:[m[K   required from ‘[01m[Kclass std::vector<double, double>[m[K’
[01m[K/home/nvidia/DronePoli/src/dronepoli/src/controller.cpp:19:33:[m[K   required from here
[01m[K/usr/include/c++/7/bits/alloc_traits.h:102:71:[m[K [01;31m[Kerror: [m[K‘[01m[Kdouble[m[K’ is not a class, struct, or union type
/usr/include/c++/7/bits/alloc_traits.h: In instantiation of ‘[01m[Kstruct std::allocator_traits<double>[m[K’:
[01m[K/usr/include/c++/7/ext/alloc_traits.h:50:10:[m[K   required from ‘[01m[Kstruct __gnu_cxx::__alloc_traits<double>[m[K’
[01m[K/usr/include/c++/7/bits/stl_vector.h:77:21:[m[K   required from ‘[01m[Kstruct std::_Vector_base<double, double>[m[K’
[01m[K/usr/include/c++/7/bits/stl_vector.h:216:11:[m[K   required from ‘[01m[Kclass std::vector<double, double>[m[K’
[01m[K/home/nvidia/DronePoli/src/dronepoli/src/controller.cpp:19:33:[m[K   required from here
[01m[K/usr/include/c++/7/bits/alloc_traits.h:159:68:[m[K [01;31m[Kerror: [m[K‘[01m[Kdouble[m[K’ is not a class, struct, or union type
       using difference_type = typename _Diff<_Alloc, pointer>::type[01;31m[K;[m[K
                                                                    [01;31m[K^[m[K
[01m[K/usr/include/c++/7/bits/alloc_traits.h:167:70:[m[K [01;31m[Kerror: [m[K‘[01m[Kdouble[m[K’ is not a class, struct, or union type
       using size_type = typename _Size<_Alloc, difference_type>::type[01;31m[K;[m[K
                                                                      [01;31m[K^[m[K
In file included from [01m[K/usr/include/c++/7/bits/stl_construct.h:61:0[m[K,
                 from [01m[K/usr/include/c++/7/vector:62[m[K,
                 from [01m[K/home/nvidia/DronePoli/src/dronepoli/include/drone.h:3[m[K,
                 from [01m[K/home/nvidia/DronePoli/src/dronepoli/src/controller.cpp:2[m[K:
/usr/include/c++/7/ext/alloc_traits.h: In instantiation of ‘[01m[Kstruct __gnu_cxx::__alloc_traits<double>[m[K’:
[01m[K/usr/include/c++/7/bits/stl_vector.h:77:21:[m[K   required from ‘[01m[Kstruct std::_Vector_base<double, double>[m[K’
[01m[K/usr/include/c++/7/bits/stl_vector.h:216:11:[m[K   required from ‘[01m[Kclass std::vector<double, double>[m[K’
[01m[K/home/nvidia/DronePoli/src/dronepoli/src/controller.cpp:19:33:[m[K   required from here
[01m[K/usr/include/c++/7/ext/alloc_traits.h:66:23:[m[K [01;31m[Kerror: [m[Kno members matching ‘[01m[K__gnu_cxx::__alloc_traits<double>::_Base_type {aka std::allocator_traits<double>}::allocate[m[K’ in ‘[01m[K__gnu_cxx::__alloc_traits<double>::_Base_type {aka struct std::allocator_traits<double>}[m[K’
     using _Base_type::[01;31m[Kallocate[m[K;
                       [01;31m[K^~~~~~~~[m[K
[01m[K/usr/include/c++/7/ext/alloc_traits.h:67:23:[m[K [01;31m[Kerror: [m[Kno members matching ‘[01m[K__gnu_cxx::__alloc_traits<double>::_Base_type {aka std::allocator_traits<double>}::deallocate[m[K’ in ‘[01m[K__gnu_cxx::__alloc_traits<double>::_Base_type {aka struct std::allocator_traits<double>}[m[K’
     using _Base_type::[01;31m[Kdeallocate[m[K;
                       [01;31m[K^~~~~~~~~~[m[K
[01m[K/usr/include/c++/7/ext/alloc_traits.h:70:23:[m[K [01;31m[Kerror: [m[Kno members matching ‘[01m[K__gnu_cxx::__alloc_traits<double>::_Base_type {aka std::allocator_traits<double>}::max_size[m[K’ in ‘[01m[K__gnu_cxx::__alloc_traits<double>::_Base_type {aka struct std::allocator_traits<double>}[m[K’
     using _Base_type::[01;31m[Kmax_size[m[K;
                       [01;31m[K^~~~~~~~[m[K
In file included from [01m[K/usr/include/c++/7/ext/alloc_traits.h:36:0[m[K,
                 from [01m[K/usr/include/c++/7/bits/stl_construct.h:61[m[K,
                 from [01m[K/usr/include/c++/7/vector:62[m[K,
                 from [01m[K/home/nvidia/DronePoli/src/dronepoli/include/drone.h:3[m[K,
                 from [01m[K/home/nvidia/DronePoli/src/dronepoli/src/controller.cpp:2[m[K:
/usr/include/c++/7/bits/alloc_traits.h: In substitution of ‘[01m[Ktemplate<class _Alloc, class _Up> using __alloc_rebind = typename std::__allocator_traits_base::__rebind<_Alloc, _Up>::type [with _Alloc = double; _Up = double][m[K’:
[01m[K/usr/include/c++/7/bits/alloc_traits.h:206:50:[m[K   required by substitution of ‘[01m[Ktemplate<class _Alloc> template<class _Tp> using rebind_alloc = std::__alloc_rebind<_Alloc, _Tp> [with _Tp = double; _Alloc = double][m[K’
[01m[K/usr/include/c++/7/ext/alloc_traits.h:117:65:[m[K   required from ‘[01m[Kstruct __gnu_cxx::__alloc_traits<double>::rebind<double>[m[K’
[01m[K/usr/include/c++/7/bits/stl_vector.h:77:21:[m[K   required from ‘[01m[Kstruct std::_Vector_base<double, double>[m[K’
[01m[K/usr/include/c++/7/bits/stl_vector.h:216:11:[m[K   required from ‘[01m[Kclass std::vector<double, double>[m[K’
[01m[K/home/nvidia/DronePoli/src/dronepoli/src/controller.cpp:19:33:[m[K   required from here
[01m[K/usr/include/c++/7/bits/alloc_traits.h:76:79:[m[K [01;31m[Kerror: [m[Kno type named ‘[01m[Ktype[m[K’ in ‘[01m[Kstruct std::__allocator_traits_base::__rebind<double, double, void>[m[K’
       = typename __allocator_traits_base::template __rebind<_Alloc, _Up>::type[01;31m[K;[m[K
                                                                               [01;31m[K^[m[K
In file included from [01m[K/usr/include/c++/7/vector:64:0[m[K,
                 from [01m[K/home/nvidia/DronePoli/src/dronepoli/include/drone.h:3[m[K,
                 from [01m[K/home/nvidia/DronePoli/src/dronepoli/src/controller.cpp:2[m[K:
/usr/include/c++/7/bits/stl_vector.h: In instantiation of ‘[01m[Kclass std::vector<double, double>[m[K’:
[01m[K/home/nvidia/DronePoli/src/dronepoli/src/controller.cpp:19:33:[m[K   required from here
[01m[K/usr/include/c++/7/bits/stl_vector.h:247:20:[m[K [01;31m[Kerror: [m[Kno members matching ‘[01m[Kstd::vector<double, double>::_Base {aka std::_Vector_base<double, double>}::_M_allocate[m[K’ in ‘[01m[Kstd::vector<double, double>::_Base {aka struct std::_Vector_base<double, double>}[m[K’
       using _Base::[01;31m[K_M_allocate[m[K;
                    [01;31m[K^~~~~~~~~~~[m[K
[01m[K/usr/include/c++/7/bits/stl_vector.h:248:20:[m[K [01;31m[Kerror: [m[Kno members matching ‘[01m[Kstd::vector<double, double>::_Base {aka std::_Vector_base<double, double>}::_M_deallocate[m[K’ in ‘[01m[Kstd::vector<double, double>::_Base {aka struct std::_Vector_base<double, double>}[m[K’
       using _Base::[01;31m[K_M_deallocate[m[K;
                    [01;31m[K^~~~~~~~~~~~~[m[K
[01m[K/usr/include/c++/7/bits/stl_vector.h:250:20:[m[K [01;31m[Kerror: [m[Kno members matching ‘[01m[Kstd::vector<double, double>::_Base {aka std::_Vector_base<double, double>}::_M_get_Tp_allocator[m[K’ in ‘[01m[Kstd::vector<double, double>::_Base {aka struct std::_Vector_base<double, double>}[m[K’
       using _Base::[01;31m[K_M_get_Tp_allocator[m[K;
                    [01;31m[K^~~~~~~~~~~~~~~~~~~[m[K
[01m[K/home/nvidia/DronePoli/src/dronepoli/src/controller.cpp:[m[K In function ‘[01m[Kint main(int, char**)[m[K’:
[01m[K/home/nvidia/DronePoli/src/dronepoli/src/controller.cpp:21:46:[m[K [01;31m[Kerror: [m[Kno matching function for call to ‘[01m[Kstd::vector<double, double>::push_back(double, double)[m[K’
     route.push_back(36.14424294, 128.39389622[01;31m[K)[m[K;
                                              [01;31m[K^[m[K
In file included from [01m[K/usr/include/c++/7/vector:64:0[m[K,
                 from [01m[K/home/nvidia/DronePoli/src/dronepoli/include/drone.h:3[m[K,
                 from [01m[K/home/nvidia/DronePoli/src/dronepoli/src/controller.cpp:2[m[K:
[01m[K/usr/include/c++/7/bits/stl_vector.h:939:7:[m[K [01;36m[Knote: [m[Kcandidate: void std::vector<_Tp, _Alloc>::push_back(const value_type&) [with _Tp = double; _Alloc = double; std::vector<_Tp, _Alloc>::value_type = double]
       [01;36m[Kpush_back[m[K(const value_type& __x)
       [01;36m[K^~~~~~~~~[m[K
[01m[K/usr/include/c++/7/bits/stl_vector.h:939:7:[m[K [01;36m[Knote: [m[K  candidate expects 1 argument, 2 provided
[01m[K/usr/include/c++/7/bits/stl_vector.h:953:7:[m[K [01;36m[Knote: [m[Kcandidate: void std::vector<_Tp, _Alloc>::push_back(std::vector<_Tp, _Alloc>::value_type&&) [with _Tp = double; _Alloc = double; std::vector<_Tp, _Alloc>::value_type = double]
       [01;36m[Kpush_back[m[K(value_type&& __x)
       [01;36m[K^~~~~~~~~[m[K
[01m[K/usr/include/c++/7/bits/stl_vector.h:953:7:[m[K [01;36m[Knote: [m[K  candidate expects 1 argument, 2 provided
[01m[K/home/nvidia/DronePoli/src/dronepoli/src/controller.cpp:22:43:[m[K [01;31m[Kerror: [m[Kno matching function for call to ‘[01m[Kstd::vector<double, double>::push_back(double, double)[m[K’
     route.push_back(36.14424294, 128.39375[01;31m[K)[m[K;
                                           [01;31m[K^[m[K
In file included from [01m[K/usr/include/c++/7/vector:64:0[m[K,
                 from [01m[K/home/nvidia/DronePoli/src/dronepoli/include/drone.h:3[m[K,
                 from [01m[K/home/nvidia/DronePoli/src/dronepoli/src/controller.cpp:2[m[K:
[01m[K/usr/include/c++/7/bits/stl_vector.h:939:7:[m[K [01;36m[Knote: [m[Kcandidate: void std::vector<_Tp, _Alloc>::push_back(const value_type&) [with _Tp = double; _Alloc = double; std::vector<_Tp, _Alloc>::value_type = double]
       [01;36m[Kpush_back[m[K(const value_type& __x)
       [01;36m[K^~~~~~~~~[m[K
[01m[K/usr/include/c++/7/bits/stl_vector.h:939:7:[m[K [01;36m[Knote: [m[K  candidate expects 1 argument, 2 provided
[01m[K/usr/include/c++/7/bits/stl_vector.h:953:7:[m[K [01;36m[Knote: [m[Kcandidate: void std::vector<_Tp, _Alloc>::push_back(std::vector<_Tp, _Alloc>::value_type&&) [with _Tp = double; _Alloc = double; std::vector<_Tp, _Alloc>::value_type = double]
       [01;36m[Kpush_back[m[K(value_type&& __x)
       [01;36m[K^~~~~~~~~[m[K
[01m[K/usr/include/c++/7/bits/stl_vector.h:953:7:[m[K [01;36m[Knote: [m[K  candidate expects 1 argument, 2 provided
[01m[K/home/nvidia/DronePoli/src/dronepoli/src/controller.cpp:23:40:[m[K [01;31m[Kerror: [m[Kno matching function for call to ‘[01m[Kstd::vector<double, double>::push_back(double, double)[m[K’
     route.push_back(36.14415, 128.39375[01;31m[K)[m[K;
                                        [01;31m[K^[m[K
In file included from [01m[K/usr/include/c++/7/vector:64:0[m[K,
                 from [01m[K/home/nvidia/DronePoli/src/dronepoli/include/drone.h:3[m[K,
                 from [01m[K/home/nvidia/DronePoli/src/dronepoli/src/controller.cpp:2[m[K:
[01m[K/usr/include/c++/7/bits/stl_vector.h:939:7:[m[K [01;36m[Knote: [m[Kcandidate: void std::vector<_Tp, _Alloc>::push_back(const value_type&) [with _Tp = double; _Alloc = double; std::vector<_Tp, _Alloc>::value_type = double]
       [01;36m[Kpush_back[m[K(const value_type& __x)
       [01;36m[K^~~~~~~~~[m[K
[01m[K/usr/include/c++/7/bits/stl_vector.h:939:7:[m[K [01;36m[Knote: [m[K  candidate expects 1 argument, 2 provided
[01m[K/usr/include/c++/7/bits/stl_vector.h:953:7:[m[K [01;36m[Knote: [m[Kcandidate: void std::vector<_Tp, _Alloc>::push_back(std::vector<_Tp, _Alloc>::value_type&&) [with _Tp = double; _Alloc = double; std::vector<_Tp, _Alloc>::value_type = double]
       [01;36m[Kpush_back[m[K(value_type&& __x)
       [01;36m[K^~~~~~~~~[m[K
[01m[K/usr/include/c++/7/bits/stl_vector.h:953:7:[m[K [01;36m[Knote: [m[K  candidate expects 1 argument, 2 provided
[01m[K/home/nvidia/DronePoli/src/dronepoli/src/controller.cpp:24:43:[m[K [01;31m[Kerror: [m[Kno matching function for call to ‘[01m[Kstd::vector<double, double>::push_back(double, double)[m[K’
     route.push_back(36.14415, 128.39389622[01;31m[K)[m[K;
                                           [01;31m[K^[m[K
In file included from [01m[K/usr/include/c++/7/vector:64:0[m[K,
                 from [01m[K/home/nvidia/DronePoli/src/dronepoli/include/drone.h:3[m[K,
                 from [01m[K/home/nvidia/DronePoli/src/dronepoli/src/controller.cpp:2[m[K:
[01m[K/usr/include/c++/7/bits/stl_vector.h:939:7:[m[K [01;36m[Knote: [m[Kcandidate: void std::vector<_Tp, _Alloc>::push_back(const value_type&) [with _Tp = double; _Alloc = double; std::vector<_Tp, _Alloc>::value_type = double]
       [01;36m[Kpush_back[m[K(const value_type& __x)
       [01;36m[K^~~~~~~~~[m[K
[01m[K/usr/include/c++/7/bits/stl_vector.h:939:7:[m[K [01;36m[Knote: [m[K  candidate expects 1 argument, 2 provided
[01m[K/usr/include/c++/7/bits/stl_vector.h:953:7:[m[K [01;36m[Knote: [m[Kcandidate: void std::vector<_Tp, _Alloc>::push_back(std::vector<_Tp, _Alloc>::value_type&&) [with _Tp = double; _Alloc = double; std::vector<_Tp, _Alloc>::value_type = double]
       [01;36m[Kpush_back[m[K(value_type&& __x)
       [01;36m[K^~~~~~~~~[m[K
[01m[K/usr/include/c++/7/bits/stl_vector.h:953:7:[m[K [01;36m[Knote: [m[K  candidate expects 1 argument, 2 provided
In file included from [01m[K/opt/ros/melodic/include/ros/ros.h:40:0[m[K,
                 from [01m[K/home/nvidia/DronePoli/src/dronepoli/include/drone.h:5[m[K,
                 from [01m[K/home/nvidia/DronePoli/src/dronepoli/src/controller.cpp:2[m[K:
[01m[K/home/nvidia/DronePoli/src/dronepoli/src/controller.cpp:27:44:[m[K [01;31m[Kerror: [m[Kno match for ‘[01m[Koperator[][m[K’ (operand types are ‘[01m[Kstd::vector<double, double>[m[K’ and ‘[01m[Kint[m[K’)
         ROS_INFO("%d) %.2f, %.2f", i, route[01;31m[K[[m[Ki][0], route[i][1]);
                                            [01;31m[K^[m[K
[01m[K/opt/ros/melodic/include/ros/console.h:348:165:[m[K [01;36m[Knote: [m[Kin definition of macro ‘[01m[KROSCONSOLE_PRINT_AT_LOCATION_WITH_FILTER[m[K’
     ::ros::console::print(filter, __rosconsole_define_location__loc.logger_, __rosconsole_define_location__loc.level_, __FILE__, __LINE__, __ROSCONSOLE_FUNCTION__, [01;36m[K__VA_ARGS__[m[K)
                                                                                                                                                                     [01;36m[K^~~~~~~~~~~[m[K
[01m[K/opt/ros/melodic/include/ros/console.h:387:7:[m[K [01;36m[Knote: [m[Kin expansion of macro ‘[01m[KROSCONSOLE_PRINT_AT_LOCATION[m[K’
       [01;36m[KROSCONSOLE_PRINT_AT_LOCATION[m[K(__VA_ARGS__); \
       [01;36m[K^~~~~~~~~~~~~~~~~~~~~~~~~~~~[m[K
[01m[K/opt/ros/melodic/include/ros/console.h:572:35:[m[K [01;36m[Knote: [m[Kin expansion of macro ‘[01m[KROS_LOG_COND[m[K’
 #define ROS_LOG(level, name, ...) [01;36m[KROS_LOG_COND[m[K(true, level, name, __VA_ARGS__)
                                   [01;36m[K^~~~~~~~~~~~[m[K
[01m[K/opt/ros/melodic/include/rosconsole/macros_generated.h:110:23:[m[K [01;36m[Knote: [m[Kin expansion of macro ‘[01m[KROS_LOG[m[K’
 #define ROS_INFO(...) [01;36m[KROS_LOG[m[K(::ros::console::levels::Info, ROSCONSOLE_DEFAULT_NAME, __VA_ARGS__)
                       [01;36m[K^~~~~~~[m[K
[01m[K/home/nvidia/DronePoli/src/dronepoli/src/controller.cpp:27:9:[m[K [01;36m[Knote: [m[Kin expansion of macro ‘[01m[KROS_INFO[m[K’
         [01;36m[KR[m[KOS_INFO("%d) %.2f, %.2f", i, route[i][0], route[i][1]);
         [01;36m[K^[m[K
[01m[K/home/nvidia/DronePoli/src/dronepoli/src/controller.cpp:27:57:[m[K [01;31m[Kerror: [m[Kno match for ‘[01m[Koperator[][m[K’ (operand types are ‘[01m[Kstd::vector<double, double>[m[K’ and ‘[01m[Kint[m[K’)
         ROS_INFO("%d) %.2f, %.2f", i, route[i][0], route[01;31m[K[[m[Ki][1]);
                                                         [01;31m[K^[m[K
[01m[K/opt/ros/melodic/include/ros/console.h:348:165:[m[K [01;36m[Knote: [m[Kin definition of macro ‘[01m[KROSCONSOLE_PRINT_AT_LOCATION_WITH_FILTER[m[K’
     ::ros::console::print(filter, __rosconsole_define_location__loc.logger_, __rosconsole_define_location__loc.level_, __FILE__, __LINE__, __ROSCONSOLE_FUNCTION__, [01;36m[K__VA_ARGS__[m[K)
                                                                                                                                                                     [01;36m[K^~~~~~~~~~~[m[K
[01m[K/opt/ros/melodic/include/ros/console.h:387:7:[m[K [01;36m[Knote: [m[Kin expansion of macro ‘[01m[KROSCONSOLE_PRINT_AT_LOCATION[m[K’
       [01;36m[KROSCONSOLE_PRINT_AT_LOCATION[m[K(__VA_ARGS__); \
       [01;36m[K^~~~~~~~~~~~~~~~~~~~~~~~~~~~[m[K
[01m[K/opt/ros/melodic/include/ros/console.h:572:35:[m[K [01;36m[Knote: [m[Kin expansion of macro ‘[01m[KROS_LOG_COND[m[K’
 #define ROS_LOG(level, name, ...) [01;36m[KROS_LOG_COND[m[K(true, level, name, __VA_ARGS__)
                                   [01;36m[K^~~~~~~~~~~~[m[K
[01m[K/opt/ros/melodic/include/rosconsole/macros_generated.h:110:23:[m[K [01;36m[Knote: [m[Kin expansion of macro ‘[01m[KROS_LOG[m[K’
 #define ROS_INFO(...) [01;36m[KROS_LOG[m[K(::ros::console::levels::Info, ROSCONSOLE_DEFAULT_NAME, __VA_ARGS__)
                       [01;36m[K^~~~~~~[m[K
[01m[K/home/nvidia/DronePoli/src/dronepoli/src/controller.cpp:27:9:[m[K [01;36m[Knote: [m[Kin expansion of macro ‘[01m[KROS_INFO[m[K’
         [01;36m[KR[m[KOS_INFO("%d) %.2f, %.2f", i, route[i][0], route[i][1]);
         [01;36m[K^[m[K
In file included from [01m[K/usr/include/c++/7/vector:64:0[m[K,
                 from [01m[K/home/nvidia/DronePoli/src/dronepoli/include/drone.h:3[m[K,
                 from [01m[K/home/nvidia/DronePoli/src/dronepoli/src/controller.cpp:2[m[K:
/usr/include/c++/7/bits/stl_vector.h: In instantiation of ‘[01m[Kstd::vector<_Tp, _Alloc>::~vector() [with _Tp = double; _Alloc = double][m[K’:
[01m[K/home/nvidia/DronePoli/src/dronepoli/src/controller.cpp:19:33:[m[K   required from here
[01m[K/usr/include/c++/7/bits/stl_vector.h:434:37:[m[K [01;31m[Kerror: [m[K‘[01m[Kstruct std::_Vector_base<double, double>::_Vector_impl[m[K’ has no member named ‘[01m[K_M_start[m[K’; did you mean ‘[01m[K_M_swap_data[m[K’?
       { std::_Destroy([01;31m[Kthis->_M_impl._M_start[m[K, this->_M_impl._M_finish,
                       [01;31m[K~~~~~~~~~~~~~~^~~~~~~~[m[K
                       [32m[K_M_swap_data[m[K
[01m[K/usr/include/c++/7/bits/stl_vector.h:434:61:[m[K [01;31m[Kerror: [m[K‘[01m[Kstruct std::_Vector_base<double, double>::_Vector_impl[m[K’ has no member named ‘[01m[K_M_finish[m[K’
       { std::_Destroy(this->_M_impl._M_start, [01;31m[Kthis->_M_impl._M_finish[m[K,
                                               [01;31m[K~~~~~~~~~~~~~~^~~~~~~~~[m[K
[01m[K/usr/include/c++/7/bits/stl_vector.h:435:28:[m[K [01;31m[Kerror: [m[K‘[01m[K_M_get_Tp_allocator[m[K’ was not declared in this scope
         [01;31m[K_M_get_Tp_allocator()[m[K); }
         [01;31m[K~~~~~~~~~~~~~~~~~~~^~[m[K
[01m[K/usr/include/c++/7/bits/stl_vector.h:435:28:[m[K [01;36m[Knote: [m[Ksuggested alternative: ‘[01m[Kget_allocator[m[K’
         [01;36m[K_M_get_Tp_allocator()[m[K); }
         [01;36m[K~~~~~~~~~~~~~~~~~~~^~[m[K
         [32m[Kget_allocator[m[K
/usr/include/c++/7/bits/stl_vector.h: In instantiation of ‘[01m[Kstd::vector<_Tp, _Alloc>::size_type std::vector<_Tp, _Alloc>::size() const [with _Tp = double; _Alloc = double; std::vector<_Tp, _Alloc>::size_type = long unsigned int][m[K’:
[01m[K/home/nvidia/DronePoli/src/dronepoli/src/controller.cpp:26:31:[m[K   required from here
[01m[K/usr/include/c++/7/bits/stl_vector.h:671:40:[m[K [01;31m[Kerror: [m[K‘[01m[Kconst struct std::_Vector_base<double, double>::_Vector_impl[m[K’ has no member named ‘[01m[K_M_finish[m[K’
       { return size_type([01;31m[Kthis->_M_impl._M_finish[m[K - this->_M_impl._M_start); }
                          [01;31m[K~~~~~~~~~~~~~~^~~~~~~~~[m[K
[01m[K/usr/include/c++/7/bits/stl_vector.h:671:66:[m[K [01;31m[Kerror: [m[K‘[01m[Kconst struct std::_Vector_base<double, double>::_Vector_impl[m[K’ has no member named ‘[01m[K_M_start[m[K’; did you mean ‘[01m[K_M_swap_data[m[K’?
       { return size_type(this->_M_impl._M_finish - [01;31m[Kthis->_M_impl._M_start[m[K); }
                                                    [01;31m[K~~~~~~~~~~~~~~^~~~~~~~[m[K
                                                    [32m[K_M_swap_data[m[K
/usr/include/c++/7/bits/stl_vector.h: In instantiation of ‘[01m[Kstd::_Vector_base<_Tp, _Alloc>::~_Vector_base() [with _Tp = double; _Alloc = double][m[K’:
[01m[K/usr/include/c++/7/bits/stl_vector.h:263:15:[m[K   required from ‘[01m[Kstd::vector<_Tp, _Alloc>::vector() [with _Tp = double; _Alloc = double][m[K’
[01m[K/home/nvidia/DronePoli/src/dronepoli/src/controller.cpp:19:33:[m[K   required from here
[01m[K/usr/include/c++/7/bits/stl_vector.h:162:37:[m[K [01;31m[Kerror: [m[K‘[01m[Kstruct std::_Vector_base<double, double>::_Vector_impl[m[K’ has no member named ‘[01m[K_M_start[m[K’; did you mean ‘[01m[K_M_swap_data[m[K’?
       { _M_deallocate([01;31m[Kthis->_M_impl._M_start[m[K, this->_M_impl._M_end_of_storage
                       [01;31m[K~~~~~~~~~~~~~~^~~~~~~~[m[K
                       [32m[K_M_swap_data[m[K
[01m[K/usr/include/c++/7/bits/stl_vector.h:162:61:[m[K [01;31m[Kerror: [m[K‘[01m[Kstruct std::_Vector_base<double, double>::_Vector_impl[m[K’ has no member named ‘[01m[K_M_end_of_storage[m[K’
       { _M_deallocate(this->_M_impl._M_start, [01;31m[Kthis->_M_impl._M_end_of_storage[m[K
                                               [01;31m[K~~~~~~~~~~~~~~^~~~~~~~~~~~~~~~~[m[K
[01m[K/usr/include/c++/7/bits/stl_vector.h:163:25:[m[K [01;31m[Kerror: [m[K‘[01m[Kstruct std::_Vector_base<double, double>::_Vector_impl[m[K’ has no member named ‘[01m[K_M_start[m[K’; did you mean ‘[01m[K_M_swap_data[m[K’?
         - [01;31m[Kthis->_M_impl._M_start[m[K); }
           [01;31m[K~~~~~~~~~~~~~~^~~~~~~~[m[K
           [32m[K_M_swap_data[m[K
[01m[K/usr/include/c++/7/bits/stl_vector.h:162:22:[m[K [01;31m[Kerror: [m[K‘[01m[K_M_deallocate[m[K’ was not declared in this scope
       { [01;31m[K_M_deallocate(this->_M_impl._M_start, this->_M_impl._M_end_of_storage[m[K
         [01;31m[K~~~~~~~~~~~~~^~~~~~~~~~~~~~~~~~~~~~~~~~~~~~~~~~~~~~~~~~~~~~~~~~~~~~~~[m[K
 [01;31m[K        - this->_M_impl._M_start)[m[K; }
         [01;31m[K~~~~~~~~~~~~~~~~~~~~~~~~~[m[K
/usr/include/c++/7/bits/stl_vector.h: In instantiation of ‘[01m[Kstd::_Vector_base<_Tp, _Alloc>::_Vector_impl::_Vector_impl() [with _Tp = double; _Alloc = double][m[K’:
[01m[K/usr/include/c++/7/bits/stl_vector.h:127:17:[m[K   required from ‘[01m[Kstd::_Vector_base<_Tp, _Alloc>::_Vector_base() [with _Tp = double; _Alloc = double][m[K’
[01m[K/usr/include/c++/7/bits/stl_vector.h:263:15:[m[K   required from ‘[01m[Kstd::vector<_Tp, _Alloc>::vector() [with _Tp = double; _Alloc = double][m[K’
[01m[K/home/nvidia/DronePoli/src/dronepoli/src/controller.cpp:19:33:[m[K   required from here
[01m[K/usr/include/c++/7/bits/stl_vector.h:89:65:[m[K [01;31m[Kerror: [m[Kusing invalid field ‘[01m[Kstd::_Vector_base<_Tp, _Alloc>::_Vector_impl::_M_start[m[K’
  : _Tp_alloc_type(), _M_start(), _M_finish(), _M_end_of_storage([01;31m[K)[m[K
                                                                 [01;31m[K^[m[K
[01m[K/usr/include/c++/7/bits/stl_vector.h:89:65:[m[K [01;31m[Kerror: [m[Kusing invalid field ‘[01m[Kstd::_Vector_base<_Tp, _Alloc>::_Vector_impl::_M_finish[m[K’
[01m[K/usr/include/c++/7/bits/stl_vector.h:89:65:[m[K [01;31m[Kerror: [m[Kusing invalid field ‘[01m[Kstd::_Vector_base<_Tp, _Alloc>::_Vector_impl::_M_end_of_storage[m[K’
make[2]: *** [CMakeFiles/dronepoli.dir/src/controller.cpp.o] Error 1
make[1]: *** [CMakeFiles/dronepoli.dir/all] Error 2
make: *** [all] Error 2
