[01m[K/home/nvidia/DronePoli/src/dronepoli/src/controller.cpp:[m[K In function ‘[01m[Kint main(int, char**)[m[K’:
[01m[K/home/nvidia/DronePoli/src/dronepoli/src/controller.cpp:21:46:[m[K [01;31m[Kerror: [m[Kno matching function for call to ‘[01m[Kstd::vector<std::vector<double> >::push_back(double, double)[m[K’
     route.push_back(36.14424294, 128.39389622[01;31m[K)[m[K;
                                              [01;31m[K^[m[K
In file included from [01m[K/usr/include/c++/7/vector:64:0[m[K,
                 from [01m[K/home/nvidia/DronePoli/src/dronepoli/include/drone.h:3[m[K,
                 from [01m[K/home/nvidia/DronePoli/src/dronepoli/src/controller.cpp:2[m[K:
[01m[K/usr/include/c++/7/bits/stl_vector.h:939:7:[m[K [01;36m[Knote: [m[Kcandidate: void std::vector<_Tp, _Alloc>::push_back(const value_type&) [with _Tp = std::vector<double>; _Alloc = std::allocator<std::vector<double> >; std::vector<_Tp, _Alloc>::value_type = std::vector<double>]
       [01;36m[Kpush_back[m[K(const value_type& __x)
       [01;36m[K^~~~~~~~~[m[K
[01m[K/usr/include/c++/7/bits/stl_vector.h:939:7:[m[K [01;36m[Knote: [m[K  candidate expects 1 argument, 2 provided
[01m[K/usr/include/c++/7/bits/stl_vector.h:953:7:[m[K [01;36m[Knote: [m[Kcandidate: void std::vector<_Tp, _Alloc>::push_back(std::vector<_Tp, _Alloc>::value_type&&) [with _Tp = std::vector<double>; _Alloc = std::allocator<std::vector<double> >; std::vector<_Tp, _Alloc>::value_type = std::vector<double>]
       [01;36m[Kpush_back[m[K(value_type&& __x)
       [01;36m[K^~~~~~~~~[m[K
[01m[K/usr/include/c++/7/bits/stl_vector.h:953:7:[m[K [01;36m[Knote: [m[K  candidate expects 1 argument, 2 provided
[01m[K/home/nvidia/DronePoli/src/dronepoli/src/controller.cpp:22:43:[m[K [01;31m[Kerror: [m[Kno matching function for call to ‘[01m[Kstd::vector<std::vector<double> >::push_back(double, double)[m[K’
     route.push_back(36.14424294, 128.39375[01;31m[K)[m[K;
                                           [01;31m[K^[m[K
In file included from [01m[K/usr/include/c++/7/vector:64:0[m[K,
                 from [01m[K/home/nvidia/DronePoli/src/dronepoli/include/drone.h:3[m[K,
                 from [01m[K/home/nvidia/DronePoli/src/dronepoli/src/controller.cpp:2[m[K:
[01m[K/usr/include/c++/7/bits/stl_vector.h:939:7:[m[K [01;36m[Knote: [m[Kcandidate: void std::vector<_Tp, _Alloc>::push_back(const value_type&) [with _Tp = std::vector<double>; _Alloc = std::allocator<std::vector<double> >; std::vector<_Tp, _Alloc>::value_type = std::vector<double>]
       [01;36m[Kpush_back[m[K(const value_type& __x)
       [01;36m[K^~~~~~~~~[m[K
[01m[K/usr/include/c++/7/bits/stl_vector.h:939:7:[m[K [01;36m[Knote: [m[K  candidate expects 1 argument, 2 provided
[01m[K/usr/include/c++/7/bits/stl_vector.h:953:7:[m[K [01;36m[Knote: [m[Kcandidate: void std::vector<_Tp, _Alloc>::push_back(std::vector<_Tp, _Alloc>::value_type&&) [with _Tp = std::vector<double>; _Alloc = std::allocator<std::vector<double> >; std::vector<_Tp, _Alloc>::value_type = std::vector<double>]
       [01;36m[Kpush_back[m[K(value_type&& __x)
       [01;36m[K^~~~~~~~~[m[K
[01m[K/usr/include/c++/7/bits/stl_vector.h:953:7:[m[K [01;36m[Knote: [m[K  candidate expects 1 argument, 2 provided
[01m[K/home/nvidia/DronePoli/src/dronepoli/src/controller.cpp:23:40:[m[K [01;31m[Kerror: [m[Kno matching function for call to ‘[01m[Kstd::vector<std::vector<double> >::push_back(double, double)[m[K’
     route.push_back(36.14415, 128.39375[01;31m[K)[m[K;
                                        [01;31m[K^[m[K
In file included from [01m[K/usr/include/c++/7/vector:64:0[m[K,
                 from [01m[K/home/nvidia/DronePoli/src/dronepoli/include/drone.h:3[m[K,
                 from [01m[K/home/nvidia/DronePoli/src/dronepoli/src/controller.cpp:2[m[K:
[01m[K/usr/include/c++/7/bits/stl_vector.h:939:7:[m[K [01;36m[Knote: [m[Kcandidate: void std::vector<_Tp, _Alloc>::push_back(const value_type&) [with _Tp = std::vector<double>; _Alloc = std::allocator<std::vector<double> >; std::vector<_Tp, _Alloc>::value_type = std::vector<double>]
       [01;36m[Kpush_back[m[K(const value_type& __x)
       [01;36m[K^~~~~~~~~[m[K
[01m[K/usr/include/c++/7/bits/stl_vector.h:939:7:[m[K [01;36m[Knote: [m[K  candidate expects 1 argument, 2 provided
[01m[K/usr/include/c++/7/bits/stl_vector.h:953:7:[m[K [01;36m[Knote: [m[Kcandidate: void std::vector<_Tp, _Alloc>::push_back(std::vector<_Tp, _Alloc>::value_type&&) [with _Tp = std::vector<double>; _Alloc = std::allocator<std::vector<double> >; std::vector<_Tp, _Alloc>::value_type = std::vector<double>]
       [01;36m[Kpush_back[m[K(value_type&& __x)
       [01;36m[K^~~~~~~~~[m[K
[01m[K/usr/include/c++/7/bits/stl_vector.h:953:7:[m[K [01;36m[Knote: [m[K  candidate expects 1 argument, 2 provided
[01m[K/home/nvidia/DronePoli/src/dronepoli/src/controller.cpp:24:43:[m[K [01;31m[Kerror: [m[Kno matching function for call to ‘[01m[Kstd::vector<std::vector<double> >::push_back(double, double)[m[K’
     route.push_back(36.14415, 128.39389622[01;31m[K)[m[K;
                                           [01;31m[K^[m[K
In file included from [01m[K/usr/include/c++/7/vector:64:0[m[K,
                 from [01m[K/home/nvidia/DronePoli/src/dronepoli/include/drone.h:3[m[K,
                 from [01m[K/home/nvidia/DronePoli/src/dronepoli/src/controller.cpp:2[m[K:
[01m[K/usr/include/c++/7/bits/stl_vector.h:939:7:[m[K [01;36m[Knote: [m[Kcandidate: void std::vector<_Tp, _Alloc>::push_back(const value_type&) [with _Tp = std::vector<double>; _Alloc = std::allocator<std::vector<double> >; std::vector<_Tp, _Alloc>::value_type = std::vector<double>]
       [01;36m[Kpush_back[m[K(const value_type& __x)
       [01;36m[K^~~~~~~~~[m[K
[01m[K/usr/include/c++/7/bits/stl_vector.h:939:7:[m[K [01;36m[Knote: [m[K  candidate expects 1 argument, 2 provided
[01m[K/usr/include/c++/7/bits/stl_vector.h:953:7:[m[K [01;36m[Knote: [m[Kcandidate: void std::vector<_Tp, _Alloc>::push_back(std::vector<_Tp, _Alloc>::value_type&&) [with _Tp = std::vector<double>; _Alloc = std::allocator<std::vector<double> >; std::vector<_Tp, _Alloc>::value_type = std::vector<double>]
       [01;36m[Kpush_back[m[K(value_type&& __x)
       [01;36m[K^~~~~~~~~[m[K
[01m[K/usr/include/c++/7/bits/stl_vector.h:953:7:[m[K [01;36m[Knote: [m[K  candidate expects 1 argument, 2 provided
make[2]: *** [CMakeFiles/dronepoli.dir/src/controller.cpp.o] Error 1
make[1]: *** [CMakeFiles/dronepoli.dir/all] Error 2
make: *** [all] Error 2
