In file included from [01m[K/home/nvidia/DronePoli/src/dronepoli/src/controller.cpp:5:0[m[K:
[01m[K/home/nvidia/DronePoli/src/dronepoli/include/callback.h:[m[K In function ‘[01m[Kvoid route_cb(const ConstPtr&)[m[K’:
[01m[K/home/nvidia/DronePoli/src/dronepoli/include/callback.h:33:12:[m[K [01;31m[Kerror: [m[K‘[01m[Kconst ConstPtr {aka const class boost::shared_ptr<const sensor_msgs::NavSatFix_<std::allocator<void> > >}[m[K’ has no member named ‘[01m[Klatitude[m[K’
     if(msg.[01;31m[Klatitude[m[K == 500 || msg.longitude == 500){
            [01;31m[K^~~~~~~~[m[K
[01m[K/home/nvidia/DronePoli/src/dronepoli/include/callback.h:33:35:[m[K [01;31m[Kerror: [m[K‘[01m[Kconst ConstPtr {aka const class boost::shared_ptr<const sensor_msgs::NavSatFix_<std::allocator<void> > >}[m[K’ has no member named ‘[01m[Klongitude[m[K’
     if(msg.latitude == 500 || msg.[01;31m[Klongitude[m[K == 500){
                                   [01;31m[K^~~~~~~~~[m[K
[01m[K/home/nvidia/DronePoli/src/dronepoli/include/callback.h:36:17:[m[K [01;31m[Kerror: [m[K‘[01m[Kconst ConstPtr {aka const class boost::shared_ptr<const sensor_msgs::NavSatFix_<std::allocator<void> > >}[m[K’ has no member named ‘[01m[Klatitude[m[K’
     else if(msg.[01;31m[Klatitude[m[K == 600 || msg.longitude == 600){
                 [01;31m[K^~~~~~~~[m[K
[01m[K/home/nvidia/DronePoli/src/dronepoli/include/callback.h:36:40:[m[K [01;31m[Kerror: [m[K‘[01m[Kconst ConstPtr {aka const class boost::shared_ptr<const sensor_msgs::NavSatFix_<std::allocator<void> > >}[m[K’ has no member named ‘[01m[Klongitude[m[K’
     else if(msg.latitude == 600 || msg.[01;31m[Klongitude[m[K == 600){
                                        [01;31m[K^~~~~~~~~[m[K
[01m[K/home/nvidia/DronePoli/src/dronepoli/include/callback.h:43:54:[m[K [01;31m[Kerror: [m[Kno matching function for call to ‘[01m[Kstd::vector<std::vector<double> >::push_back(const _latitude_type&, const _longitude_type&)[m[K’
         route.push_back(msg->latitude, msg->longitude[01;31m[K)[m[K;
                                                      [01;31m[K^[m[K
In file included from [01m[K/usr/include/c++/7/vector:64:0[m[K,
                 from [01m[K/home/nvidia/DronePoli/src/dronepoli/include/drone.h:3[m[K,
                 from [01m[K/home/nvidia/DronePoli/src/dronepoli/src/controller.cpp:2[m[K:
[01m[K/usr/include/c++/7/bits/stl_vector.h:939:7:[m[K [01;36m[Knote: [m[Kcandidate: void std::vector<_Tp, _Alloc>::push_back(const value_type&) [with _Tp = std::vector<double>; _Alloc = std::allocator<std::vector<double> >; std::vector<_Tp, _Alloc>::value_type = std::vector<double>]
       [01;36m[Kpush_back[m[K(const value_type& __x)
       [01;36m[K^~~~~~~~~[m[K
[01m[K/usr/include/c++/7/bits/stl_vector.h:939:7:[m[K [01;36m[Knote: [m[K  candidate expects 1 argument, 2 provided
[01m[K/usr/include/c++/7/bits/stl_vector.h:953:7:[m[K [01;36m[Knote: [m[Kcandidate: void std::vector<_Tp, _Alloc>::push_back(std::vector<_Tp, _Alloc>::value_type&&) [with _Tp = std::vector<double>; _Alloc = std::allocator<std::vector<double> >; std::vector<_Tp, _Alloc>::value_type = std::vector<double>]
       [01;36m[Kpush_back[m[K(value_type&& __x)
       [01;36m[K^~~~~~~~~[m[K
[01m[K/usr/include/c++/7/bits/stl_vector.h:953:7:[m[K [01;36m[Knote: [m[K  candidate expects 1 argument, 2 provided
In file included from [01m[K/opt/ros/melodic/include/ros/ros.h:40:0[m[K,
                 from [01m[K/home/nvidia/DronePoli/src/dronepoli/include/drone.h:5[m[K,
                 from [01m[K/home/nvidia/DronePoli/src/dronepoli/src/controller.cpp:2[m[K:
[01m[K/home/nvidia/DronePoli/src/dronepoli/src/controller.cpp:[m[K In function ‘[01m[Kint main(int, char**)[m[K’:
[01m[K/opt/ros/melodic/include/ros/console.h:348:176:[m[K [01;35m[Kwarning: [m[Kformat ‘[01m[K%d[m[K’ expects argument of type ‘[01m[Kint[m[K’, but argument 8 has type ‘[01m[Kstd::vector<std::vector<double> >::size_type {aka long unsigned int}[m[K’ [[01;35m[K-Wformat=[m[K]
     ::ros::console::print(filter, __rosconsole_define_location__loc.logger_, __rosconsole_define_location__loc.level_, __FILE__, __LINE__, __ROSCONSOLE_FUNCTION__, __VA_ARGS__[01;35m[K)[m[K
                                                                                                                                                                                [01;35m[K^[m[K
[01m[K/opt/ros/melodic/include/ros/console.h:351:5:[m[K [01;36m[Knote: [m[Kin expansion of macro ‘[01m[KROSCONSOLE_PRINT_AT_LOCATION_WITH_FILTER[m[K’
     [01;36m[KROSCONSOLE_PRINT_AT_LOCATION_WITH_FILTER[m[K(NULL, __VA_ARGS__)
     [01;36m[K^~~~~~~~~~~~~~~~~~~~~~~~~~~~~~~~~~~~~~~~[m[K
[01m[K/opt/ros/melodic/include/ros/console.h:463:7:[m[K [01;36m[Knote: [m[Kin expansion of macro ‘[01m[KROSCONSOLE_PRINT_AT_LOCATION[m[K’
       [01;36m[KROSCONSOLE_PRINT_AT_LOCATION[m[K(__VA_ARGS__); \
       [01;36m[K^~~~~~~~~~~~~~~~~~~~~~~~~~~~[m[K
[01m[K/opt/ros/melodic/include/rosconsole/macros_generated.h:122:40:[m[K [01;36m[Knote: [m[Kin expansion of macro ‘[01m[KROS_LOG_THROTTLE[m[K’
 #define ROS_INFO_THROTTLE(period, ...) [01;36m[KROS_LOG_THROTTLE[m[K(period, ::ros::console::levels::Info, ROSCONSOLE_DEFAULT_NAME, __VA_ARGS__)
                                        [01;36m[K^~~~~~~~~~~~~~~~[m[K
[01m[K/home/nvidia/DronePoli/src/dronepoli/src/controller.cpp:117:13:[m[K [01;36m[Knote: [m[Kin expansion of macro ‘[01m[KROS_INFO_THROTTLE[m[K’
             [01;36m[KR[m[KOS_INFO_THROTTLE(1, "%d", route.size());
             [01;36m[K^[m[K
make[2]: *** [CMakeFiles/dronepoli.dir/src/controller.cpp.o] Error 1
make[1]: *** [CMakeFiles/dronepoli.dir/all] Error 2
make: *** [all] Error 2
