In file included from [01m[K/home/nvidia/DronePoli/src/dronepoli/src/controller.cpp:2:0[m[K:
[01m[K/home/nvidia/DronePoli/src/dronepoli/include/drone.h:52:14:[m[K [01;31m[Kerror: [m[K‘[01m[Kvoid PX5::Land()[m[K’ cannot be overloaded
         void [01;31m[KLand[m[K();
              [01;31m[K^~~~[m[K
[01m[K/home/nvidia/DronePoli/src/dronepoli/include/drone.h:49:13:[m[K [01;31m[Kerror: [m[Kwith ‘[01m[Kint PX5::Land()[m[K’
         int [01;31m[KLand[m[K();
             [01;31m[K^~~~[m[K
[01m[K/home/nvidia/DronePoli/src/dronepoli/include/drone.h:[m[K In member function ‘[01m[Kint PX5::Land()[m[K’:
[01m[K/home/nvidia/DronePoli/src/dronepoli/include/drone.h:75:5:[m[K [01;31m[Kerror: [m[K‘[01m[Kset_mode_client[m[K’ was not declared in this scope
     [01;31m[Kset_mode_client[m[K.call(px5.cmd_mode);
     [01;31m[K^~~~~~~~~~~~~~~[m[K
In file included from [01m[K/opt/ros/melodic/include/ros/ros.h:40:0[m[K,
                 from [01m[K/home/nvidia/DronePoli/src/dronepoli/include/drone.h:5[m[K,
                 from [01m[K/home/nvidia/DronePoli/src/dronepoli/src/controller.cpp:2[m[K:
[01m[K/home/nvidia/DronePoli/src/dronepoli/src/controller.cpp:[m[K In function ‘[01m[Kint main(int, char**)[m[K’:
[01m[K/opt/ros/melodic/include/ros/console.h:348:176:[m[K [01;35m[Kwarning: [m[Kformat ‘[01m[K%d[m[K’ expects argument of type ‘[01m[Kint[m[K’, but argument 8 has type ‘[01m[Kstd::vector<std::vector<double> >::size_type {aka long unsigned int}[m[K’ [[01;35m[K-Wformat=[m[K]
     ::ros::console::print(filter, __rosconsole_define_location__loc.logger_, __rosconsole_define_location__loc.level_, __FILE__, __LINE__, __ROSCONSOLE_FUNCTION__, __VA_ARGS__[01;35m[K)[m[K
                                                                                                                                                                                [01;35m[K^[m[K
[01m[K/opt/ros/melodic/include/ros/console.h:351:5:[m[K [01;36m[Knote: [m[Kin expansion of macro ‘[01m[KROSCONSOLE_PRINT_AT_LOCATION_WITH_FILTER[m[K’
     [01;36m[KROSCONSOLE_PRINT_AT_LOCATION_WITH_FILTER[m[K(NULL, __VA_ARGS__)
     [01;36m[K^~~~~~~~~~~~~~~~~~~~~~~~~~~~~~~~~~~~~~~~[m[K
[01m[K/opt/ros/melodic/include/ros/console.h:463:7:[m[K [01;36m[Knote: [m[Kin expansion of macro ‘[01m[KROSCONSOLE_PRINT_AT_LOCATION[m[K’
       [01;36m[KROSCONSOLE_PRINT_AT_LOCATION[m[K(__VA_ARGS__); \
       [01;36m[K^~~~~~~~~~~~~~~~~~~~~~~~~~~~[m[K
[01m[K/opt/ros/melodic/include/rosconsole/macros_generated.h:122:40:[m[K [01;36m[Knote: [m[Kin expansion of macro ‘[01m[KROS_LOG_THROTTLE[m[K’
 #define ROS_INFO_THROTTLE(period, ...) [01;36m[KROS_LOG_THROTTLE[m[K(period, ::ros::console::levels::Info, ROSCONSOLE_DEFAULT_NAME, __VA_ARGS__)
                                        [01;36m[K^~~~~~~~~~~~~~~~[m[K
[01m[K/home/nvidia/DronePoli/src/dronepoli/src/controller.cpp:121:13:[m[K [01;36m[Knote: [m[Kin expansion of macro ‘[01m[KROS_INFO_THROTTLE[m[K’
             [01;36m[KR[m[KOS_INFO_THROTTLE(1, "%d", route.size());
             [01;36m[K^[m[K
make[2]: *** [CMakeFiles/dronepoli.dir/src/controller.cpp.o] Error 1
make[1]: *** [CMakeFiles/dronepoli.dir/all] Error 2
make: *** [all] Error 2
