[01m[K/home/nvidia/DronePoli/src/dronepoli/src/controller.cpp:[m[K In function ‘[01m[Kint main(int, char**)[m[K’:
[01m[K/home/nvidia/DronePoli/src/dronepoli/src/controller.cpp:19:17:[m[K [01;31m[Kerror: [m[K‘[01m[Kvector[m[K’ was not declared in this scope
     std::vector<[01;31m[Kvector[m[K<double>> route;
                 [01;31m[K^~~~~~[m[K
[01m[K/home/nvidia/DronePoli/src/dronepoli/src/controller.cpp:19:17:[m[K [01;36m[Knote: [m[Ksuggested alternatives:
In file included from [01m[K/usr/include/c++/7/vector:64:0[m[K,
                 from [01m[K/home/nvidia/DronePoli/src/dronepoli/include/drone.h:3[m[K,
                 from [01m[K/home/nvidia/DronePoli/src/dronepoli/src/controller.cpp:2[m[K:
[01m[K/usr/include/c++/7/bits/stl_vector.h:216:11:[m[K [01;36m[Knote: [m[K  ‘[01m[Kstd::vector[m[K’
     class [01;36m[Kvector[m[K : protected _Vector_base<_Tp, _Alloc>
           [01;36m[K^~~~~~[m[K
In file included from [01m[K/usr/include/boost/mpl/aux_/include_preprocessed.hpp:37:0[m[K,
                 from [01m[K/usr/include/boost/mpl/vector.hpp:46[m[K,
                 from [01m[K/usr/include/boost/math/policies/policy.hpp:14[m[K,
                 from [01m[K/usr/include/boost/math/policies/error_handling.hpp:21[m[K,
                 from [01m[K/usr/include/boost/math/special_functions/round.hpp:14[m[K,
                 from [01m[K/opt/ros/melodic/include/ros/time.h:58[m[K,
                 from [01m[K/opt/ros/melodic/include/ros/ros.h:38[m[K,
                 from [01m[K/home/nvidia/DronePoli/src/dronepoli/include/drone.h:5[m[K,
                 from [01m[K/home/nvidia/DronePoli/src/dronepoli/src/controller.cpp:2[m[K:
[01m[K/usr/include/boost/mpl/aux_/preprocessed/gcc/vector.hpp:22:8:[m[K [01;36m[Knote: [m[K  ‘[01m[Kboost::mpl::vector[m[K’
 struct [01;36m[Kvector[m[K;
        [01;36m[K^~~~~~[m[K
In file included from [01m[K/usr/include/boost/lexical_cast/detail/converter_lexical.hpp:52:0[m[K,
                 from [01m[K/usr/include/boost/lexical_cast/try_lexical_convert.hpp:42[m[K,
                 from [01m[K/usr/include/boost/lexical_cast.hpp:32[m[K,
                 from [01m[K/opt/ros/melodic/include/ros/transport_hints.h:34[m[K,
                 from [01m[K/opt/ros/melodic/include/ros/subscribe_options.h:33[m[K,
                 from [01m[K/opt/ros/melodic/include/ros/node_handle.h:42[m[K,
                 from [01m[K/opt/ros/melodic/include/ros/ros.h:45[m[K,
                 from [01m[K/home/nvidia/DronePoli/src/dronepoli/include/drone.h:5[m[K,
                 from [01m[K/home/nvidia/DronePoli/src/dronepoli/src/controller.cpp:2[m[K:
[01m[K/usr/include/boost/container/container_fwd.hpp:108:7:[m[K [01;36m[Knote: [m[K  ‘[01m[Kboost::container::vector[m[K’
 class [01;36m[Kvector[m[K;
       [01;36m[K^~~~~~[m[K
[01m[K/home/nvidia/DronePoli/src/dronepoli/src/controller.cpp:19:30:[m[K [01;31m[Kerror: [m[Ktemplate argument 1 is invalid
     std::vector<vector<double[01;31m[K>>[m[K route;
                              [01;31m[K^~[m[K
[01m[K/home/nvidia/DronePoli/src/dronepoli/src/controller.cpp:19:30:[m[K [01;31m[Kerror: [m[Ktemplate argument 2 is invalid
[01m[K/home/nvidia/DronePoli/src/dronepoli/src/controller.cpp:21:11:[m[K [01;31m[Kerror: [m[Krequest for member ‘[01m[Kpush_back[m[K’ in ‘[01m[Kroute[m[K’, which is of non-class type ‘[01m[Kint[m[K’
     route.[01;31m[Kpush_back[m[K(36.14424294, 128.39389622);
           [01;31m[K^~~~~~~~~[m[K
[01m[K/home/nvidia/DronePoli/src/dronepoli/src/controller.cpp:22:11:[m[K [01;31m[Kerror: [m[Krequest for member ‘[01m[Kpush_back[m[K’ in ‘[01m[Kroute[m[K’, which is of non-class type ‘[01m[Kint[m[K’
     route.[01;31m[Kpush_back[m[K(36.14424294, 128.39375);
           [01;31m[K^~~~~~~~~[m[K
[01m[K/home/nvidia/DronePoli/src/dronepoli/src/controller.cpp:23:11:[m[K [01;31m[Kerror: [m[Krequest for member ‘[01m[Kpush_back[m[K’ in ‘[01m[Kroute[m[K’, which is of non-class type ‘[01m[Kint[m[K’
     route.[01;31m[Kpush_back[m[K(36.14415, 128.39375);
           [01;31m[K^~~~~~~~~[m[K
[01m[K/home/nvidia/DronePoli/src/dronepoli/src/controller.cpp:24:11:[m[K [01;31m[Kerror: [m[Krequest for member ‘[01m[Kpush_back[m[K’ in ‘[01m[Kroute[m[K’, which is of non-class type ‘[01m[Kint[m[K’
     route.[01;31m[Kpush_back[m[K(36.14415, 128.39389622);
           [01;31m[K^~~~~~~~~[m[K
[01m[K/home/nvidia/DronePoli/src/dronepoli/src/controller.cpp:26:26:[m[K [01;31m[Kerror: [m[Krequest for member ‘[01m[Ksize[m[K’ in ‘[01m[Kroute[m[K’, which is of non-class type ‘[01m[Kint[m[K’
     for(int i=0; i<route.[01;31m[Ksize[m[K(); i++){
                          [01;31m[K^~~~[m[K
In file included from [01m[K/opt/ros/melodic/include/ros/ros.h:40:0[m[K,
                 from [01m[K/home/nvidia/DronePoli/src/dronepoli/include/drone.h:5[m[K,
                 from [01m[K/home/nvidia/DronePoli/src/dronepoli/src/controller.cpp:2[m[K:
[01m[K/home/nvidia/DronePoli/src/dronepoli/src/controller.cpp:27:46:[m[K [01;31m[Kerror: [m[Kinvalid types ‘[01m[Kint[int][m[K’ for array subscript
         ROS_INFO("%d) %.2f, %.2f", i, route[i[01;31m[K][m[K[0], route[i][1]);
                                              [01;31m[K^[m[K
[01m[K/opt/ros/melodic/include/ros/console.h:348:165:[m[K [01;36m[Knote: [m[Kin definition of macro ‘[01m[KROSCONSOLE_PRINT_AT_LOCATION_WITH_FILTER[m[K’
     ::ros::console::print(filter, __rosconsole_define_location__loc.logger_, __rosconsole_define_location__loc.level_, __FILE__, __LINE__, __ROSCONSOLE_FUNCTION__, [01;36m[K__VA_ARGS__[m[K)
                                                                                                                                                                     [01;36m[K^~~~~~~~~~~[m[K
[01m[K/opt/ros/melodic/include/ros/console.h:387:7:[m[K [01;36m[Knote: [m[Kin expansion of macro ‘[01m[KROSCONSOLE_PRINT_AT_LOCATION[m[K’
       [01;36m[KROSCONSOLE_PRINT_AT_LOCATION[m[K(__VA_ARGS__); \
       [01;36m[K^~~~~~~~~~~~~~~~~~~~~~~~~~~~[m[K
[01m[K/opt/ros/melodic/include/ros/console.h:572:35:[m[K [01;36m[Knote: [m[Kin expansion of macro ‘[01m[KROS_LOG_COND[m[K’
 #define ROS_LOG(level, name, ...) [01;36m[KROS_LOG_COND[m[K(true, level, name, __VA_ARGS__)
                                   [01;36m[K^~~~~~~~~~~~[m[K
[01m[K/opt/ros/melodic/include/rosconsole/macros_generated.h:110:23:[m[K [01;36m[Knote: [m[Kin expansion of macro ‘[01m[KROS_LOG[m[K’
 #define ROS_INFO(...) [01;36m[KROS_LOG[m[K(::ros::console::levels::Info, ROSCONSOLE_DEFAULT_NAME, __VA_ARGS__)
                       [01;36m[K^~~~~~~[m[K
[01m[K/home/nvidia/DronePoli/src/dronepoli/src/controller.cpp:27:9:[m[K [01;36m[Knote: [m[Kin expansion of macro ‘[01m[KROS_INFO[m[K’
         [01;36m[KR[m[KOS_INFO("%d) %.2f, %.2f", i, route[i][0], route[i][1]);
         [01;36m[K^[m[K
[01m[K/home/nvidia/DronePoli/src/dronepoli/src/controller.cpp:27:59:[m[K [01;31m[Kerror: [m[Kinvalid types ‘[01m[Kint[int][m[K’ for array subscript
         ROS_INFO("%d) %.2f, %.2f", i, route[i][0], route[i[01;31m[K][m[K[1]);
                                                           [01;31m[K^[m[K
[01m[K/opt/ros/melodic/include/ros/console.h:348:165:[m[K [01;36m[Knote: [m[Kin definition of macro ‘[01m[KROSCONSOLE_PRINT_AT_LOCATION_WITH_FILTER[m[K’
     ::ros::console::print(filter, __rosconsole_define_location__loc.logger_, __rosconsole_define_location__loc.level_, __FILE__, __LINE__, __ROSCONSOLE_FUNCTION__, [01;36m[K__VA_ARGS__[m[K)
                                                                                                                                                                     [01;36m[K^~~~~~~~~~~[m[K
[01m[K/opt/ros/melodic/include/ros/console.h:387:7:[m[K [01;36m[Knote: [m[Kin expansion of macro ‘[01m[KROSCONSOLE_PRINT_AT_LOCATION[m[K’
       [01;36m[KROSCONSOLE_PRINT_AT_LOCATION[m[K(__VA_ARGS__); \
       [01;36m[K^~~~~~~~~~~~~~~~~~~~~~~~~~~~[m[K
[01m[K/opt/ros/melodic/include/ros/console.h:572:35:[m[K [01;36m[Knote: [m[Kin expansion of macro ‘[01m[KROS_LOG_COND[m[K’
 #define ROS_LOG(level, name, ...) [01;36m[KROS_LOG_COND[m[K(true, level, name, __VA_ARGS__)
                                   [01;36m[K^~~~~~~~~~~~[m[K
[01m[K/opt/ros/melodic/include/rosconsole/macros_generated.h:110:23:[m[K [01;36m[Knote: [m[Kin expansion of macro ‘[01m[KROS_LOG[m[K’
 #define ROS_INFO(...) [01;36m[KROS_LOG[m[K(::ros::console::levels::Info, ROSCONSOLE_DEFAULT_NAME, __VA_ARGS__)
                       [01;36m[K^~~~~~~[m[K
[01m[K/home/nvidia/DronePoli/src/dronepoli/src/controller.cpp:27:9:[m[K [01;36m[Knote: [m[Kin expansion of macro ‘[01m[KROS_INFO[m[K’
         [01;36m[KR[m[KOS_INFO("%d) %.2f, %.2f", i, route[i][0], route[i][1]);
         [01;36m[K^[m[K
make[2]: *** [CMakeFiles/dronepoli.dir/src/controller.cpp.o] Error 1
make[1]: *** [CMakeFiles/dronepoli.dir/all] Error 2
make: *** [all] Error 2
