In file included from [01m[K/home/nvidia/DronePoli/src/dronepoli/src/controller.cpp:2:0[m[K:
[01m[K/home/nvidia/DronePoli/src/dronepoli/include/drone.h:36:9:[m[K [01;31m[Kerror: [m[K‘[01m[KInt16[m[K’ does not name a type; did you mean ‘[01m[Kint16_t[m[K’?
         [01;31m[KInt16[m[K command_receive = -1;
         [01;31m[K^~~~~[m[K
         [32m[Kint16_t[m[K
In file included from [01m[K/home/nvidia/DronePoli/src/dronepoli/src/controller.cpp:5:0[m[K:
[01m[K/home/nvidia/DronePoli/src/dronepoli/include/callback.h:[m[K In function ‘[01m[Kvoid command_cb(const ConstPtr&)[m[K’:
[01m[K/home/nvidia/DronePoli/src/dronepoli/include/callback.h:29:9:[m[K [01;31m[Kerror: [m[K‘[01m[Kclass PX5[m[K’ has no member named ‘[01m[Kcommand_receive[m[K’
     px5.[01;31m[Kcommand_receive[m[K = msg;
         [01;31m[K^~~~~~~~~~~~~~~[m[K
In file included from [01m[K/opt/ros/melodic/include/ros/ros.h:40:0[m[K,
                 from [01m[K/home/nvidia/DronePoli/src/dronepoli/include/drone.h:5[m[K,
                 from [01m[K/home/nvidia/DronePoli/src/dronepoli/src/controller.cpp:2[m[K:
[01m[K/home/nvidia/DronePoli/src/dronepoli/include/callback.h:30:24:[m[K [01;31m[Kerror: [m[K‘[01m[Kclass PX5[m[K’ has no member named ‘[01m[Kcommand_receive[m[K’
     ROS_INFO("%d", px5.[01;31m[Kc[m[Kommand_receive);
                        [01;31m[K^[m[K
[01m[K/opt/ros/melodic/include/ros/console.h:348:165:[m[K [01;36m[Knote: [m[Kin definition of macro ‘[01m[KROSCONSOLE_PRINT_AT_LOCATION_WITH_FILTER[m[K’
     ::ros::console::print(filter, __rosconsole_define_location__loc.logger_, __rosconsole_define_location__loc.level_, __FILE__, __LINE__, __ROSCONSOLE_FUNCTION__, [01;36m[K__VA_ARGS__[m[K)
                                                                                                                                                                     [01;36m[K^~~~~~~~~~~[m[K
[01m[K/opt/ros/melodic/include/ros/console.h:387:7:[m[K [01;36m[Knote: [m[Kin expansion of macro ‘[01m[KROSCONSOLE_PRINT_AT_LOCATION[m[K’
       [01;36m[KROSCONSOLE_PRINT_AT_LOCATION[m[K(__VA_ARGS__); \
       [01;36m[K^~~~~~~~~~~~~~~~~~~~~~~~~~~~[m[K
[01m[K/opt/ros/melodic/include/ros/console.h:572:35:[m[K [01;36m[Knote: [m[Kin expansion of macro ‘[01m[KROS_LOG_COND[m[K’
 #define ROS_LOG(level, name, ...) [01;36m[KROS_LOG_COND[m[K(true, level, name, __VA_ARGS__)
                                   [01;36m[K^~~~~~~~~~~~[m[K
[01m[K/opt/ros/melodic/include/rosconsole/macros_generated.h:110:23:[m[K [01;36m[Knote: [m[Kin expansion of macro ‘[01m[KROS_LOG[m[K’
 #define ROS_INFO(...) [01;36m[KROS_LOG[m[K(::ros::console::levels::Info, ROSCONSOLE_DEFAULT_NAME, __VA_ARGS__)
                       [01;36m[K^~~~~~~[m[K
[01m[K/home/nvidia/DronePoli/src/dronepoli/include/callback.h:30:5:[m[K [01;36m[Knote: [m[Kin expansion of macro ‘[01m[KROS_INFO[m[K’
     [01;36m[KR[m[KOS_INFO("%d", px5.command_receive);
     [01;36m[K^[m[K
[01m[K/home/nvidia/DronePoli/src/dronepoli/src/controller.cpp:[m[K In function ‘[01m[Kint main(int, char**)[m[K’:
[01m[K/home/nvidia/DronePoli/src/dronepoli/src/controller.cpp:43:15:[m[K [01;31m[Kerror: [m[K‘[01m[Kclass PX5[m[K’ has no member named ‘[01m[Kcommand_receive[m[K’
     while(px5.[01;31m[Kcommand_receive[m[K != 9){ // wait until pause command
               [01;31m[K^~~~~~~~~~~~~~~[m[K
[01m[K/home/nvidia/DronePoli/src/dronepoli/src/controller.cpp:65:15:[m[K [01;31m[Kerror: [m[K‘[01m[Kclass PX5[m[K’ has no member named ‘[01m[Kcommand_receive[m[K’
     while(px5.[01;31m[Kcommand_receive[m[K != 1){ // wait until take off command
               [01;31m[K^~~~~~~~~~~~~~~[m[K
In file included from [01m[K/opt/ros/melodic/include/ros/ros.h:40:0[m[K,
                 from [01m[K/home/nvidia/DronePoli/src/dronepoli/include/drone.h:5[m[K,
                 from [01m[K/home/nvidia/DronePoli/src/dronepoli/src/controller.cpp:2[m[K:
[01m[K/opt/ros/melodic/include/ros/console.h:348:176:[m[K [01;35m[Kwarning: [m[Kformat ‘[01m[K%d[m[K’ expects argument of type ‘[01m[Kint[m[K’, but argument 8 has type ‘[01m[Kstd::vector<std::vector<double> >::size_type {aka long unsigned int}[m[K’ [[01;35m[K-Wformat=[m[K]
     ::ros::console::print(filter, __rosconsole_define_location__loc.logger_, __rosconsole_define_location__loc.level_, __FILE__, __LINE__, __ROSCONSOLE_FUNCTION__, __VA_ARGS__[01;35m[K)[m[K
                                                                                                                                                                                [01;35m[K^[m[K
[01m[K/opt/ros/melodic/include/ros/console.h:351:5:[m[K [01;36m[Knote: [m[Kin expansion of macro ‘[01m[KROSCONSOLE_PRINT_AT_LOCATION_WITH_FILTER[m[K’
     [01;36m[KROSCONSOLE_PRINT_AT_LOCATION_WITH_FILTER[m[K(NULL, __VA_ARGS__)
     [01;36m[K^~~~~~~~~~~~~~~~~~~~~~~~~~~~~~~~~~~~~~~~[m[K
[01m[K/opt/ros/melodic/include/ros/console.h:463:7:[m[K [01;36m[Knote: [m[Kin expansion of macro ‘[01m[KROSCONSOLE_PRINT_AT_LOCATION[m[K’
       [01;36m[KROSCONSOLE_PRINT_AT_LOCATION[m[K(__VA_ARGS__); \
       [01;36m[K^~~~~~~~~~~~~~~~~~~~~~~~~~~~[m[K
[01m[K/opt/ros/melodic/include/rosconsole/macros_generated.h:122:40:[m[K [01;36m[Knote: [m[Kin expansion of macro ‘[01m[KROS_LOG_THROTTLE[m[K’
 #define ROS_INFO_THROTTLE(period, ...) [01;36m[KROS_LOG_THROTTLE[m[K(period, ::ros::console::levels::Info, ROSCONSOLE_DEFAULT_NAME, __VA_ARGS__)
                                        [01;36m[K^~~~~~~~~~~~~~~~[m[K
[01m[K/home/nvidia/DronePoli/src/dronepoli/src/controller.cpp:111:13:[m[K [01;36m[Knote: [m[Kin expansion of macro ‘[01m[KROS_INFO_THROTTLE[m[K’
             [01;36m[KR[m[KOS_INFO_THROTTLE(1, "%d", route.size());
             [01;36m[K^[m[K
make[2]: *** [CMakeFiles/dronepoli.dir/src/controller.cpp.o] Error 1
make[1]: *** [CMakeFiles/dronepoli.dir/all] Error 2
make: *** [all] Error 2
